#
# A fatal error has been detected by the Java Runtime Environment:
#
#  EXCEPTION_ACCESS_VIOLATION (0xc0000005) at pc=0x0000027f248534ac, pid=5328, tid=20772
#
# JRE version: Java(TM) SE Runtime Environment (20.0.2+9) (build 20.0.2+9-78)
# Java VM: Java HotSpot(TM) 64-Bit Server VM (20.0.2+9-78, mixed mode, sharing, tiered, compressed oops, compressed class ptrs, g1 gc, windows-amd64)
# Problematic frame:
# v  ~BufferBlob::MethodHandles adapters 0x0000027f248534ac
#
# No core dump will be written. Minidumps are not enabled by default on client versions of Windows
#
# If you would like to submit a bug report, please visit:
#   https://bugreport.java.com/bugreport/crash.jsp
#

---------------  S U M M A R Y ------------

Command Line: -XX:+ShowCodeDetailsInExceptionMessages -agentlib:jdwp=transport=dt_socket,suspend=y,address=localhost:11831 -ea -Dfile.encoding=UTF-8 org.testng.remote.RemoteTestNG -serport 11830 -protocol json -d C:\Users\Ankita\eclipse-workspace\Restassured_Study\test-output C:\Users\Ankita\AppData\Local\Temp\testng-eclipse--798824169\testng-customsuite.xml

Host: AMD Ryzen 5 3500U with Radeon Vega Mobile Gfx  , 8 cores, 5G,  Windows 11 , 64 bit Build 22621 (10.0.22621.3085)
Time: Mon Feb 19 16:14:20 2024 India Standard Time elapsed time: 19.690218 seconds (0d 0h 0m 19s)

---------------  T H R E A D  ---------------

Current thread (0x0000027f15207040):  JavaThread "main" [_thread_in_Java, id=20772, stack(0x0000008452900000,0x0000008452a00000)]

Stack: [0x0000008452900000,0x0000008452a00000],  sp=0x00000084529fe358,  free space=1016k
Native frames: (J=compiled Java code, j=interpreted, Vv=VM code, C=native code)
C  0x0000027f248534ac


siginfo: EXCEPTION_ACCESS_VIOLATION (0xc0000005), reading address 0xffffffffffffffff


Registers:
RAX=0x0000027f2481e7de, RBX=0xa4f8449800000000, RCX=0x00000084529fe360, RDX=0x0000000000000002
RSP=0x00000084529fe358, RBP=0x00000084529fe3a8, RSI=0x0000027f776e7308, RDI=0x0000027f777f1b50
R8 =0x0000000000000002, R9 =0x0000000000000002, R10=0x0000027f31400000, R11=0x0000027f314b8e90
R12=0x0000000000000000, R13=0x00000084529fe358, R14=0x00000084529fe3c8, R15=0x0000027f15207040
RIP=0x0000027f248534ac, EFLAGS=0x0000000000010202


Register to memory mapping:

RIP=0x0000027f248534ac is at begin+68 in a stub
MethodHandle::interpreter_entry::_linkToSpecial [0x0000027f24853468, 0x0000027f248534b7] (79 bytes)
RAX=0x0000027f2481e7de is at code_begin+3294 in an Interpreter codelet
return entry points  [0x0000027f2481db00, 0x0000027f2481fb38]  8248 bytes
RBX=0xa4f8449800000000 is an unknown value
RCX=0x00000084529fe360 is pointing into the stack for thread: 0x0000027f15207040
RDX=0x0000000000000002 is an unknown value
RSP=0x00000084529fe358 is pointing into the stack for thread: 0x0000027f15207040
RBP=0x00000084529fe3a8 is pointing into the stack for thread: 0x0000027f15207040
RSI=0x0000027f776e7308 points into unknown readable memory: 0x88002c3b553a9baa | aa 9b 3a 55 3b 2c 00 88
RDI=0x0000027f777f1b50 points into unknown readable memory: 0x0000001800000070 | 70 00 00 00 18 00 00 00
R8 =0x0000000000000002 is an unknown value
R9 =0x0000000000000002 is an unknown value
R10=0x0000027f31400000 is pointing into metadata
R11={method} {0x0000027f314b8e98} 'newInvokeSpecial' '(Ljava/lang/Object;)Ljava/lang/Object;' in 'java/lang/invoke/DirectMethodHandle$Holder'
R12=0x0 is NULL
R13=0x00000084529fe358 is pointing into the stack for thread: 0x0000027f15207040
R14=0x00000084529fe3c8 is pointing into the stack for thread: 0x0000027f15207040
R15=0x0000027f15207040 is a thread


Top of Stack: (sp=0x00000084529fe358)
0x00000084529fe358:   0000027f2481e7de 00000084529fe360
0x00000084529fe368:   0000027f31b245b7 00000084529fe3c8
0x00000084529fe378:   0000027f314b4350 0000027f72c9b928
0x00000084529fe388:   00000000a54340b8 0000027f314b8e90
0x00000084529fe398:   00000084529fe358 00000084529fe3d0
0x00000084529fe3a8:   00000084529fe660 0000027f1d59fd25
0x00000084529fe3b8:   00000000a4f843a0 00000000a4f84448
0x00000084529fe3c8:   00000000a4f84400 0000027f31f9f1f0
0x00000084529fe3d8:   00000084529fe430 0000027f31835870
0x00000084529fe3e8:   0000000000000000 00000000a54ced58
0x00000084529fe3f8:   0000027f318353b0 0000000000000000
0x00000084529fe408:   00000084529fe428 00000084529fe480
0x00000084529fe418:   0000027f2481e7de 0000000000000000
0x00000084529fe428:   00000000a4f84430 00000000a4f4ebd0
0x00000084529fe438:   00000084529fe438 0000027f31f9f200
0x00000084529fe448:   00000084529fe4a0 0000027f31835870
0x00000084529fe458:   0000000000000000 00000000a54ced58
0x00000084529fe468:   00000000a4f84430 00000000a4f841e0
0x00000084529fe478:   0000000000000000 00000084529fe4f0
0x00000084529fe488:   0000027f2481e7de 00000000a4f84400
0x00000084529fe498:   00000000a4f84430 00000000a4f84430
0x00000084529fe4a8:   00000084529fe4a8 0000027f31f9f316
0x00000084529fe4b8:   00000084529fe510 0000027f31835870
0x00000084529fe4c8:   0000027f72ca5160 00000000a54ced58
0x00000084529fe4d8:   0000027f31835460 0000000000000000
0x00000084529fe4e8:   00000084529fe520 00000084529fe660
0x00000084529fe4f8:   0000027f1d5a978c 0000027f1d59ec74
0x00000084529fe508:   00000000a4f4ebd0 00000084529fe660
0x00000084529fe518:   0000027f1d5a98fc 0000000000000a4f
0x00000084529fe528:   0000027f2481e7de 00000000a54cf548
0x00000084529fe538:   0000000000000001 0000000000000001
0x00000084529fe548:   00000084529fe548 00000000a4f841f0 

Instructions: (pc=0x0000027f248534ac)
0x0000027f248533ac:   8b 59 14 8b 5b 28 8b 5b 24 48 8b 5b 10 48 85 db
0x0000027f248533bc:   0f 84 10 00 00 00 41 80 bf 08 05 00 00 00 74 03
0x0000027f248533cc:   ff 63 38 ff 63 50 e9 a9 16 00 00 66 0f 1f 84 00
0x0000027f248533dc:   00 00 00 00 48 8b 53 08 0f b7 52 2c 48 8b 0c d4
0x0000027f248533ec:   58 5b 50 44 8b 51 08 49 bb 00 00 40 31 7f 02 00
0x0000027f248533fc:   00 4d 03 d3 4c 8b 5b 10 4b 8b 9c da c0 01 00 00
0x0000027f2485340c:   48 85 db 0f 84 10 00 00 00 41 80 bf 08 05 00 00
0x0000027f2485341c:   00 74 03 ff 63 38 ff 63 50 e9 56 16 00 00 66 66
0x0000027f2485342c:   66 0f 1f 84 00 00 00 00 00 66 66 66 0f 1f 84 00
0x0000027f2485343c:   00 00 00 00 58 5b 50 8b 5b 24 48 8b 5b 10 48 85
0x0000027f2485344c:   db 0f 84 10 00 00 00 41 80 bf 08 05 00 00 00 74
0x0000027f2485345c:   03 ff 63 38 ff 63 50 e9 18 16 00 00 66 66 66 0f
0x0000027f2485346c:   1f 84 00 00 00 00 00 0f 1f 80 00 00 00 00 66 0f
0x0000027f2485347c:   1f 44 00 00 48 8b 53 08 0f b7 52 2c 48 8b 0c d4
0x0000027f2485348c:   58 5b 50 48 3b 01 8b 5b 24 48 8b 5b 10 48 85 db
0x0000027f2485349c:   0f 84 10 00 00 00 41 80 bf 08 05 00 00 00 74 03
0x0000027f248534ac:   ff 63 38 ff 63 50 e9 c9 15 00 00 66 0f 1f 84 00
0x0000027f248534bc:   00 00 00 00 48 8b 53 08 0f b7 52 2c 48 8b 0c d4
0x0000027f248534cc:   58 5b 50 44 8b 51 08 49 bb 00 00 40 31 7f 02 00
0x0000027f248534dc:   00 4d 03 d3 8b 43 18 48 8b 40 10 48 8b 5b 10 45
0x0000027f248534ec:   8b 9a a0 00 00 00 4f 8d 9c da c0 01 00 00 4d 8d
0x0000027f248534fc:   14 da 49 8b 1b 48 3b c3 74 15 48 85 db 0f 84 32
0x0000027f2485350c:   00 00 00 49 83 c3 10 49 8b 1b 48 3b c3 75 eb 45
0x0000027f2485351c:   8b 5b 08 4b 8b 1c 1a 48 85 db 0f 84 10 00 00 00
0x0000027f2485352c:   41 80 bf 08 05 00 00 00 74 03 ff 63 38 ff 63 50
0x0000027f2485353c:   e9 3f 15 00 00 e9 3a 12 00 00 f4 00 00 00 00 00
0x0000027f2485354c:   00 00 00 00 00 00 00 00 00 00 00 00 00 00 00 00
0x0000027f2485355c:   00 00 00 00 00 00 00 00 00 00 00 00 00 00 00 00
0x0000027f2485356c:   00 00 00 00 00 00 00 00 00 00 00 00 00 00 00 00
0x0000027f2485357c:   00 00 00 00 00 00 00 00 00 00 00 00 00 00 00 00
0x0000027f2485358c:   00 00 00 00 00 00 00 00 00 00 00 00 00 00 00 00
0x0000027f2485359c:   00 00 00 00 00 00 00 00 00 00 00 00 00 00 00 00 


Stack slot to memory mapping:
stack at sp + 0 slots: 0x0000027f2481e7de is at code_begin+3294 in an Interpreter codelet
return entry points  [0x0000027f2481db00, 0x0000027f2481fb38]  8248 bytes
stack at sp + 1 slots: 0x00000084529fe360 is pointing into the stack for thread: 0x0000027f15207040
stack at sp + 2 slots: 0x0000027f31b245b7 is pointing into metadata
stack at sp + 3 slots: 0x00000084529fe3c8 is pointing into the stack for thread: 0x0000027f15207040
stack at sp + 4 slots: 0x0000027f314b4350 is pointing into metadata
stack at sp + 5 slots: 0x0000027f72c9b928 is pointing into metadata
stack at sp + 6 slots: 0x00000000a54340b8 is an oop: java.lang.Class 
{0x00000000a54340b8} - klass: 'java/lang/Class'
 - ---- fields (total size 14 words):
 - private volatile transient 'classRedefinedCount' 'I' @12  0 (0x00000000)
 - abstract internal 'klass' 'J' @16  2745311117096 (0x0000027f314b3f28)
 - abstract internal 'array_klass' 'J' @24  0 (0x0000000000000000)
 - abstract internal 'oop_size' 'I' @32  14 (0x0000000e)
 - abstract internal 'static_oop_field_count' 'I' @36  0 (0x00000000)
 - private volatile transient 'cachedConstructor' 'Ljava/lang/reflect/Constructor;' @40  NULL (0x00000000)
 - private transient 'name' 'Ljava/lang/String;' @44  NULL (0x00000000)
 - private transient 'module' 'Ljava/lang/Module;' @48  a 'java/lang/Module'{0x00000000a54213f8} (0xa54213f8)
 - private final 'classLoader' 'Ljava/lang/ClassLoader;' @52  NULL (0x00000000)
 - private transient 'classData' 'Ljava/lang/Object;' @56  NULL (0x00000000)
 - private transient 'packageName' 'Ljava/lang/String;' @60  NULL (0x00000000)
 - private final 'componentType' 'Ljava/lang/Class;' @64  NULL (0x00000000)
 - private volatile transient 'reflectionData' 'Ljava/lang/ref/SoftReference;' @68  NULL (0x00000000)
 - private volatile transient 'genericInfo' 'Lsun/reflect/generics/repository/ClassRepository;' @72  NULL (0x00000000)
 - private volatile transient 'enumConstants' '[Ljava/lang/Object;' @76  NULL (0x00000000)
 - private volatile transient 'enumConstantDirectory' 'Ljava/util/Map;' @80  NULL (0x00000000)
 - private volatile transient 'annotationData' 'Ljava/lang/Class$AnnotationData;' @84  NULL (0x00000000)
 - private volatile transient 'annotationType' 'Lsun/reflect/annotation/AnnotationType;' @88  NULL (0x00000000)
 - transient 'classValueMap' 'Ljava/lang/ClassValue$ClassValueMap;' @92  NULL (0x00000000)
 - abstract internal 'protection_domain' 'Ljava/lang/Object;' @96  NULL (0x00000000)
 - abstract internal 'signers_name' 'Ljava/lang/Object;' @100  NULL (0x00000000)
 - abstract internal 'source_file' 'Ljava/lang/Object;' @104  NULL (0x00000000)
 - signature: Ljava/lang/invoke/DirectMethodHandle$Holder;
 - ---- static fields (0):
stack at sp + 7 slots: {method} {0x0000027f314b8e98} 'newInvokeSpecial' '(Ljava/lang/Object;)Ljava/lang/Object;' in 'java/lang/invoke/DirectMethodHandle$Holder'

MethodHandle::interpreter_entry::_linkToSpecial [0x0000027f24853468, 0x0000027f248534b7] (79 bytes)
[MachCode]
  0x0000027f24853468: 6666 660f | 1f84 0000 | 0000 000f | 1f80 0000 | 0000 660f | 1f44 0000 | 488b 5308 | 0fb7 522c 
  0x0000027f24853488: 488b 0cd4 | 585b 5048 | 3b01 8b5b | 2448 8b5b | 1048 85db | 0f84 1000 | 0000 4180 | bf08 0500 
  0x0000027f248534a8: 0000 7403 | ff63 38ff | 6350 e9c9 | 
[/MachCode]

---------------  P R O C E S S  ---------------

Threads class SMR info:
_java_thread_list=0x0000027f77e21140, length=14, elements={
0x0000027f15207040, 0x0000027f310f7370, 0x0000027f310f8210, 0x0000027f310fd2c0,
0x0000027f310fee10, 0x0000027f310ff950, 0x0000027f31104510, 0x0000027f311107c0,
0x0000027f311112c0, 0x0000027f765345d0, 0x0000027f76536d50, 0x0000027f765372b0,
0x0000027f7653b5d0, 0x0000027f76545220
}

Java Threads: ( => current thread )
=>0x0000027f15207040 JavaThread "main" [_thread_in_Java, id=20772, stack(0x0000008452900000,0x0000008452a00000)]
  0x0000027f310f7370 JavaThread "Reference Handler" daemon [_thread_blocked, id=22904, stack(0x0000008453000000,0x0000008453100000)]
  0x0000027f310f8210 JavaThread "Finalizer" daemon [_thread_blocked, id=24812, stack(0x0000008453100000,0x0000008453200000)]
  0x0000027f310fd2c0 JavaThread "Signal Dispatcher" daemon [_thread_blocked, id=26216, stack(0x0000008453200000,0x0000008453300000)]
  0x0000027f310fee10 JavaThread "Attach Listener" daemon [_thread_blocked, id=23324, stack(0x0000008453300000,0x0000008453400000)]
  0x0000027f310ff950 JavaThread "Service Thread" daemon [_thread_blocked, id=10320, stack(0x0000008453400000,0x0000008453500000)]
  0x0000027f31104510 JavaThread "Monitor Deflation Thread" daemon [_thread_blocked, id=24808, stack(0x0000008453500000,0x0000008453600000)]
  0x0000027f311107c0 JavaThread "C2 CompilerThread0" daemon [_thread_blocked, id=2952, stack(0x0000008453600000,0x0000008453700000)]
  0x0000027f311112c0 JavaThread "C1 CompilerThread0" daemon [_thread_blocked, id=26344, stack(0x0000008453700000,0x0000008453800000)]
  0x0000027f765345d0 JavaThread "JDWP Transport Listener: dt_socket" daemon [_thread_blocked, id=23284, stack(0x0000008453800000,0x0000008453900000)]
  0x0000027f76536d50 JavaThread "JDWP Event Helper Thread" daemon [_thread_blocked, id=21596, stack(0x0000008453900000,0x0000008453a00000)]
  0x0000027f765372b0 JavaThread "JDWP Command Reader" daemon [_thread_in_native, id=22020, stack(0x0000008453a00000,0x0000008453b00000)]
  0x0000027f7653b5d0 JavaThread "Notification Thread" daemon [_thread_blocked, id=16232, stack(0x0000008453b00000,0x0000008453c00000)]
  0x0000027f76545220 JavaThread "Common-Cleaner" daemon [_thread_blocked, id=22648, stack(0x0000008453d00000,0x0000008453e00000)]

Other Threads:
  0x0000027f310db0a0 VMThread "VM Thread" [stack: 0x0000008452f00000,0x0000008453000000] [id=25244]
  0x0000027f7653e550 WatcherThread "VM Periodic Task Thread" [stack: 0x0000008453c00000,0x0000008453d00000] [id=1116]
  0x0000027f15259b80 WorkerThread "GC Thread#0" [stack: 0x0000008452a00000,0x0000008452b00000] [id=5032]
  0x0000027f774f4050 WorkerThread "GC Thread#1" [stack: 0x0000008453e00000,0x0000008453f00000] [id=19420]
  0x0000027f774f4320 WorkerThread "GC Thread#2" [stack: 0x0000008454100000,0x0000008454200000] [id=7292]
  0x0000027f77487920 WorkerThread "GC Thread#3" [stack: 0x0000008454200000,0x0000008454300000] [id=24032]
  0x0000027f77529880 WorkerThread "GC Thread#4" [stack: 0x0000008454300000,0x0000008454400000] [id=16112]
  0x0000027f77529b50 WorkerThread "GC Thread#5" [stack: 0x0000008454400000,0x0000008454500000] [id=10676]
  0x0000027f7752b1d0 WorkerThread "GC Thread#6" [stack: 0x0000008454500000,0x0000008454600000] [id=24628]
  0x0000027f775295b0 WorkerThread "GC Thread#7" [stack: 0x0000008454600000,0x0000008454700000] [id=14508]
  0x0000027f15284740 ConcurrentGCThread "G1 Main Marker" [stack: 0x0000008452b00000,0x0000008452c00000] [id=5456]
  0x0000027f15285170 WorkerThread "G1 Conc#0" [stack: 0x0000008452c00000,0x0000008452d00000] [id=4404]
  0x0000027f30f95530 ConcurrentGCThread "G1 Refine#0" [stack: 0x0000008452d00000,0x0000008452e00000] [id=9676]
  0x0000027f152be0d0 ConcurrentGCThread "G1 Service" [stack: 0x0000008452e00000,0x0000008452f00000] [id=20800]

Threads with active compile tasks:

VM state: not at safepoint (normal execution)

VM Mutex/Monitor currently owned by a thread: None

Heap address: 0x00000000a0c00000, size: 1524 MB, Compressed Oops mode: 32-bit

CDS archive(s) mapped at: [0x0000027f31400000-0x0000027f32060000-0x0000027f32060000), size 12976128, SharedBaseAddress: 0x0000027f31400000, ArchiveRelocationMode: 1.
Compressed class space mapped at: 0x0000027f32400000-0x0000027f72400000, reserved size: 1073741824
Narrow klass base: 0x0000027f31400000, Narrow klass shift: 0, Narrow klass range: 0x100000000

GC Precious Log:
 CardTable entry size: 512
 Card Set container configuration: InlinePtr #cards 5 size 8 Array Of Cards #cards 12 size 40 Howl #buckets 4 coarsen threshold 1843 Howl Bitmap #cards 512 size 80 coarsen threshold 460 Card regions per heap region 1 cards per card region 2048
 CPUs: 8 total, 8 available
 Memory: 6090M
 Large Page Support: Disabled
 NUMA Support: Disabled
 Compressed Oops: Enabled (32-bit)
 Heap Region Size: 1M
 Heap Min Capacity: 8M
 Heap Initial Capacity: 96M
 Heap Max Capacity: 1524M
 Pre-touch: Disabled
 Parallel Workers: 8
 Concurrent Workers: 2
 Concurrent Refinement Workers: 8
 Periodic GC: Disabled

Heap:
 garbage-first heap   total 98304K, used 32016K [0x00000000a0c00000, 0x0000000100000000)
  region size 1024K, 29 young (29696K), 3 survivors (3072K)
 Metaspace       used 15599K, committed 15936K, reserved 1114112K
  class space    used 1738K, committed 1920K, reserved 1048576K

Heap Regions: E=young(eden), S=young(survivor), O=old, HS=humongous(starts), HC=humongous(continues), CS=collection set, F=free, OA=open archive, CA=closed archive, TAMS=top-at-mark-start, PB=parsable bottom
|   0|0x00000000a0c00000, 0x00000000a0d00000, 0x00000000a0d00000|100%|HS|  |TAMS 0x00000000a0c00000| PB 0x00000000a0c00000| Complete 
|   1|0x00000000a0d00000, 0x00000000a0e00000, 0x00000000a0e00000|100%|HC|  |TAMS 0x00000000a0d00000| PB 0x00000000a0d00000| Complete 
|   2|0x00000000a0e00000, 0x00000000a0f00000, 0x00000000a0f00000|100%| O|  |TAMS 0x00000000a0e00000| PB 0x00000000a0e00000| Untracked 
|   3|0x00000000a0f00000, 0x00000000a1000000, 0x00000000a1000000|100%| O|  |TAMS 0x00000000a0f00000| PB 0x00000000a0f00000| Untracked 
|   4|0x00000000a1000000, 0x00000000a1044000, 0x00000000a1100000| 26%| O|  |TAMS 0x00000000a1000000| PB 0x00000000a1000000| Untracked 
|   5|0x00000000a1100000, 0x00000000a1100000, 0x00000000a1200000|  0%| F|  |TAMS 0x00000000a1100000| PB 0x00000000a1100000| Untracked 
|   6|0x00000000a1200000, 0x00000000a1200000, 0x00000000a1300000|  0%| F|  |TAMS 0x00000000a1200000| PB 0x00000000a1200000| Untracked 
|   7|0x00000000a1300000, 0x00000000a1300000, 0x00000000a1400000|  0%| F|  |TAMS 0x00000000a1300000| PB 0x00000000a1300000| Untracked 
|   8|0x00000000a1400000, 0x00000000a1400000, 0x00000000a1500000|  0%| F|  |TAMS 0x00000000a1400000| PB 0x00000000a1400000| Untracked 
|   9|0x00000000a1500000, 0x00000000a1500000, 0x00000000a1600000|  0%| F|  |TAMS 0x00000000a1500000| PB 0x00000000a1500000| Untracked 
|  10|0x00000000a1600000, 0x00000000a1600000, 0x00000000a1700000|  0%| F|  |TAMS 0x00000000a1600000| PB 0x00000000a1600000| Untracked 
|  11|0x00000000a1700000, 0x00000000a1700000, 0x00000000a1800000|  0%| F|  |TAMS 0x00000000a1700000| PB 0x00000000a1700000| Untracked 
|  12|0x00000000a1800000, 0x00000000a1800000, 0x00000000a1900000|  0%| F|  |TAMS 0x00000000a1800000| PB 0x00000000a1800000| Untracked 
|  13|0x00000000a1900000, 0x00000000a1900000, 0x00000000a1a00000|  0%| F|  |TAMS 0x00000000a1900000| PB 0x00000000a1900000| Untracked 
|  14|0x00000000a1a00000, 0x00000000a1a00000, 0x00000000a1b00000|  0%| F|  |TAMS 0x00000000a1a00000| PB 0x00000000a1a00000| Untracked 
|  15|0x00000000a1b00000, 0x00000000a1b00000, 0x00000000a1c00000|  0%| F|  |TAMS 0x00000000a1b00000| PB 0x00000000a1b00000| Untracked 
|  16|0x00000000a1c00000, 0x00000000a1c00000, 0x00000000a1d00000|  0%| F|  |TAMS 0x00000000a1c00000| PB 0x00000000a1c00000| Untracked 
|  17|0x00000000a1d00000, 0x00000000a1d00000, 0x00000000a1e00000|  0%| F|  |TAMS 0x00000000a1d00000| PB 0x00000000a1d00000| Untracked 
|  18|0x00000000a1e00000, 0x00000000a1e00000, 0x00000000a1f00000|  0%| F|  |TAMS 0x00000000a1e00000| PB 0x00000000a1e00000| Untracked 
|  19|0x00000000a1f00000, 0x00000000a1f00000, 0x00000000a2000000|  0%| F|  |TAMS 0x00000000a1f00000| PB 0x00000000a1f00000| Untracked 
|  20|0x00000000a2000000, 0x00000000a2000000, 0x00000000a2100000|  0%| F|  |TAMS 0x00000000a2000000| PB 0x00000000a2000000| Untracked 
|  21|0x00000000a2100000, 0x00000000a2100000, 0x00000000a2200000|  0%| F|  |TAMS 0x00000000a2100000| PB 0x00000000a2100000| Untracked 
|  22|0x00000000a2200000, 0x00000000a2200000, 0x00000000a2300000|  0%| F|  |TAMS 0x00000000a2200000| PB 0x00000000a2200000| Untracked 
|  23|0x00000000a2300000, 0x00000000a2300000, 0x00000000a2400000|  0%| F|  |TAMS 0x00000000a2300000| PB 0x00000000a2300000| Untracked 
|  24|0x00000000a2400000, 0x00000000a2400000, 0x00000000a2500000|  0%| F|  |TAMS 0x00000000a2400000| PB 0x00000000a2400000| Untracked 
|  25|0x00000000a2500000, 0x00000000a2500000, 0x00000000a2600000|  0%| F|  |TAMS 0x00000000a2500000| PB 0x00000000a2500000| Untracked 
|  26|0x00000000a2600000, 0x00000000a2600000, 0x00000000a2700000|  0%| F|  |TAMS 0x00000000a2600000| PB 0x00000000a2600000| Untracked 
|  27|0x00000000a2700000, 0x00000000a2700000, 0x00000000a2800000|  0%| F|  |TAMS 0x00000000a2700000| PB 0x00000000a2700000| Untracked 
|  28|0x00000000a2800000, 0x00000000a2800000, 0x00000000a2900000|  0%| F|  |TAMS 0x00000000a2800000| PB 0x00000000a2800000| Untracked 
|  29|0x00000000a2900000, 0x00000000a2900000, 0x00000000a2a00000|  0%| F|  |TAMS 0x00000000a2900000| PB 0x00000000a2900000| Untracked 
|  30|0x00000000a2a00000, 0x00000000a2a00000, 0x00000000a2b00000|  0%| F|  |TAMS 0x00000000a2a00000| PB 0x00000000a2a00000| Untracked 
|  31|0x00000000a2b00000, 0x00000000a2b00000, 0x00000000a2c00000|  0%| F|  |TAMS 0x00000000a2b00000| PB 0x00000000a2b00000| Untracked 
|  32|0x00000000a2c00000, 0x00000000a2c00000, 0x00000000a2d00000|  0%| F|  |TAMS 0x00000000a2c00000| PB 0x00000000a2c00000| Untracked 
|  33|0x00000000a2d00000, 0x00000000a2d00000, 0x00000000a2e00000|  0%| F|  |TAMS 0x00000000a2d00000| PB 0x00000000a2d00000| Untracked 
|  34|0x00000000a2e00000, 0x00000000a2e00000, 0x00000000a2f00000|  0%| F|  |TAMS 0x00000000a2e00000| PB 0x00000000a2e00000| Untracked 
|  35|0x00000000a2f00000, 0x00000000a2f00000, 0x00000000a3000000|  0%| F|  |TAMS 0x00000000a2f00000| PB 0x00000000a2f00000| Untracked 
|  36|0x00000000a3000000, 0x00000000a3000000, 0x00000000a3100000|  0%| F|  |TAMS 0x00000000a3000000| PB 0x00000000a3000000| Untracked 
|  37|0x00000000a3100000, 0x00000000a3100000, 0x00000000a3200000|  0%| F|  |TAMS 0x00000000a3100000| PB 0x00000000a3100000| Untracked 
|  38|0x00000000a3200000, 0x00000000a3200000, 0x00000000a3300000|  0%| F|  |TAMS 0x00000000a3200000| PB 0x00000000a3200000| Untracked 
|  39|0x00000000a3300000, 0x00000000a3300000, 0x00000000a3400000|  0%| F|  |TAMS 0x00000000a3300000| PB 0x00000000a3300000| Untracked 
|  40|0x00000000a3400000, 0x00000000a3400000, 0x00000000a3500000|  0%| F|  |TAMS 0x00000000a3400000| PB 0x00000000a3400000| Untracked 
|  41|0x00000000a3500000, 0x00000000a3500000, 0x00000000a3600000|  0%| F|  |TAMS 0x00000000a3500000| PB 0x00000000a3500000| Untracked 
|  42|0x00000000a3600000, 0x00000000a3600000, 0x00000000a3700000|  0%| F|  |TAMS 0x00000000a3600000| PB 0x00000000a3600000| Untracked 
|  43|0x00000000a3700000, 0x00000000a3700000, 0x00000000a3800000|  0%| F|  |TAMS 0x00000000a3700000| PB 0x00000000a3700000| Untracked 
|  44|0x00000000a3800000, 0x00000000a3800000, 0x00000000a3900000|  0%| F|  |TAMS 0x00000000a3800000| PB 0x00000000a3800000| Untracked 
|  45|0x00000000a3900000, 0x00000000a3900000, 0x00000000a3a00000|  0%| F|  |TAMS 0x00000000a3900000| PB 0x00000000a3900000| Untracked 
|  46|0x00000000a3a00000, 0x00000000a3a00000, 0x00000000a3b00000|  0%| F|  |TAMS 0x00000000a3a00000| PB 0x00000000a3a00000| Untracked 
|  47|0x00000000a3b00000, 0x00000000a3b00000, 0x00000000a3c00000|  0%| F|  |TAMS 0x00000000a3b00000| PB 0x00000000a3b00000| Untracked 
|  48|0x00000000a3c00000, 0x00000000a3c00000, 0x00000000a3d00000|  0%| F|  |TAMS 0x00000000a3c00000| PB 0x00000000a3c00000| Untracked 
|  49|0x00000000a3d00000, 0x00000000a3d00000, 0x00000000a3e00000|  0%| F|  |TAMS 0x00000000a3d00000| PB 0x00000000a3d00000| Untracked 
|  50|0x00000000a3e00000, 0x00000000a3e00000, 0x00000000a3f00000|  0%| F|  |TAMS 0x00000000a3e00000| PB 0x00000000a3e00000| Untracked 
|  51|0x00000000a3f00000, 0x00000000a3f00000, 0x00000000a4000000|  0%| F|  |TAMS 0x00000000a3f00000| PB 0x00000000a3f00000| Untracked 
|  52|0x00000000a4000000, 0x00000000a4000000, 0x00000000a4100000|  0%| F|  |TAMS 0x00000000a4000000| PB 0x00000000a4000000| Untracked 
|  53|0x00000000a4100000, 0x00000000a4100000, 0x00000000a4200000|  0%| F|  |TAMS 0x00000000a4100000| PB 0x00000000a4100000| Untracked 
|  54|0x00000000a4200000, 0x00000000a4200000, 0x00000000a4300000|  0%| F|  |TAMS 0x00000000a4200000| PB 0x00000000a4200000| Untracked 
|  55|0x00000000a4300000, 0x00000000a4300000, 0x00000000a4400000|  0%| F|  |TAMS 0x00000000a4300000| PB 0x00000000a4300000| Untracked 
|  56|0x00000000a4400000, 0x00000000a4400000, 0x00000000a4500000|  0%| F|  |TAMS 0x00000000a4400000| PB 0x00000000a4400000| Untracked 
|  57|0x00000000a4500000, 0x00000000a4500000, 0x00000000a4600000|  0%| F|  |TAMS 0x00000000a4500000| PB 0x00000000a4500000| Untracked 
|  58|0x00000000a4600000, 0x00000000a4600000, 0x00000000a4700000|  0%| F|  |TAMS 0x00000000a4600000| PB 0x00000000a4600000| Untracked 
|  59|0x00000000a4700000, 0x00000000a4700000, 0x00000000a4800000|  0%| F|  |TAMS 0x00000000a4700000| PB 0x00000000a4700000| Untracked 
|  60|0x00000000a4800000, 0x00000000a4800000, 0x00000000a4900000|  0%| F|  |TAMS 0x00000000a4800000| PB 0x00000000a4800000| Untracked 
|  61|0x00000000a4900000, 0x00000000a4900000, 0x00000000a4a00000|  0%| F|  |TAMS 0x00000000a4900000| PB 0x00000000a4900000| Untracked 
|  62|0x00000000a4a00000, 0x00000000a4a00000, 0x00000000a4b00000|  0%| F|  |TAMS 0x00000000a4a00000| PB 0x00000000a4a00000| Untracked 
|  63|0x00000000a4b00000, 0x00000000a4b00000, 0x00000000a4c00000|  0%| F|  |TAMS 0x00000000a4b00000| PB 0x00000000a4b00000| Untracked 
|  64|0x00000000a4c00000, 0x00000000a4c00000, 0x00000000a4d00000|  0%| F|  |TAMS 0x00000000a4c00000| PB 0x00000000a4c00000| Untracked 
|  65|0x00000000a4d00000, 0x00000000a4d00000, 0x00000000a4e00000|  0%| F|  |TAMS 0x00000000a4d00000| PB 0x00000000a4d00000| Untracked 
|  66|0x00000000a4e00000, 0x00000000a4e00000, 0x00000000a4f00000|  0%| F|  |TAMS 0x00000000a4e00000| PB 0x00000000a4e00000| Untracked 
|  67|0x00000000a4f00000, 0x00000000a4ffeeb0, 0x00000000a5000000| 99%| E|  |TAMS 0x00000000a4f00000| PB 0x00000000a4f00000| Complete 
|  68|0x00000000a5000000, 0x00000000a5100000, 0x00000000a5100000|100%| E|  |TAMS 0x00000000a5000000| PB 0x00000000a5000000| Complete 
|  69|0x00000000a5100000, 0x00000000a5200000, 0x00000000a5200000|100%| E|CS|TAMS 0x00000000a5100000| PB 0x00000000a5100000| Complete 
|  70|0x00000000a5200000, 0x00000000a5300000, 0x00000000a5300000|100%| S|CS|TAMS 0x00000000a5200000| PB 0x00000000a5200000| Complete 
|  71|0x00000000a5300000, 0x00000000a5400000, 0x00000000a5400000|100%| S|CS|TAMS 0x00000000a5300000| PB 0x00000000a5300000| Complete 
|  72|0x00000000a5400000, 0x00000000a5500000, 0x00000000a5500000|100%| S|CS|TAMS 0x00000000a5400000| PB 0x00000000a5400000| Complete 
|  73|0x00000000a5500000, 0x00000000a5600000, 0x00000000a5600000|100%| E|CS|TAMS 0x00000000a5500000| PB 0x00000000a5500000| Complete 
|  74|0x00000000a5600000, 0x00000000a5700000, 0x00000000a5700000|100%| E|CS|TAMS 0x00000000a5600000| PB 0x00000000a5600000| Complete 
|  75|0x00000000a5700000, 0x00000000a5800000, 0x00000000a5800000|100%| E|CS|TAMS 0x00000000a5700000| PB 0x00000000a5700000| Complete 
|  76|0x00000000a5800000, 0x00000000a5900000, 0x00000000a5900000|100%| E|CS|TAMS 0x00000000a5800000| PB 0x00000000a5800000| Complete 
|  77|0x00000000a5900000, 0x00000000a5a00000, 0x00000000a5a00000|100%| E|CS|TAMS 0x00000000a5900000| PB 0x00000000a5900000| Complete 
|  78|0x00000000a5a00000, 0x00000000a5b00000, 0x00000000a5b00000|100%| E|CS|TAMS 0x00000000a5a00000| PB 0x00000000a5a00000| Complete 
|  79|0x00000000a5b00000, 0x00000000a5c00000, 0x00000000a5c00000|100%| E|CS|TAMS 0x00000000a5b00000| PB 0x00000000a5b00000| Complete 
|  80|0x00000000a5c00000, 0x00000000a5d00000, 0x00000000a5d00000|100%| E|CS|TAMS 0x00000000a5c00000| PB 0x00000000a5c00000| Complete 
|  81|0x00000000a5d00000, 0x00000000a5e00000, 0x00000000a5e00000|100%| E|CS|TAMS 0x00000000a5d00000| PB 0x00000000a5d00000| Complete 
|  82|0x00000000a5e00000, 0x00000000a5f00000, 0x00000000a5f00000|100%| E|CS|TAMS 0x00000000a5e00000| PB 0x00000000a5e00000| Complete 
|  83|0x00000000a5f00000, 0x00000000a6000000, 0x00000000a6000000|100%| E|CS|TAMS 0x00000000a5f00000| PB 0x00000000a5f00000| Complete 
|  84|0x00000000a6000000, 0x00000000a6100000, 0x00000000a6100000|100%| E|CS|TAMS 0x00000000a6000000| PB 0x00000000a6000000| Complete 
|  85|0x00000000a6100000, 0x00000000a6200000, 0x00000000a6200000|100%| E|CS|TAMS 0x00000000a6100000| PB 0x00000000a6100000| Complete 
|  86|0x00000000a6200000, 0x00000000a6300000, 0x00000000a6300000|100%| E|CS|TAMS 0x00000000a6200000| PB 0x00000000a6200000| Complete 
|  87|0x00000000a6300000, 0x00000000a6400000, 0x00000000a6400000|100%| E|CS|TAMS 0x00000000a6300000| PB 0x00000000a6300000| Complete 
|  88|0x00000000a6400000, 0x00000000a6500000, 0x00000000a6500000|100%| E|CS|TAMS 0x00000000a6400000| PB 0x00000000a6400000| Complete 
|  89|0x00000000a6500000, 0x00000000a6600000, 0x00000000a6600000|100%| E|CS|TAMS 0x00000000a6500000| PB 0x00000000a6500000| Complete 
|  90|0x00000000a6600000, 0x00000000a6700000, 0x00000000a6700000|100%| E|CS|TAMS 0x00000000a6600000| PB 0x00000000a6600000| Complete 
|  91|0x00000000a6700000, 0x00000000a6800000, 0x00000000a6800000|100%| E|CS|TAMS 0x00000000a6700000| PB 0x00000000a6700000| Complete 
|  92|0x00000000a6800000, 0x00000000a6900000, 0x00000000a6900000|100%| E|CS|TAMS 0x00000000a6800000| PB 0x00000000a6800000| Complete 
|  93|0x00000000a6900000, 0x00000000a6a00000, 0x00000000a6a00000|100%| E|CS|TAMS 0x00000000a6900000| PB 0x00000000a6900000| Complete 
|  94|0x00000000a6a00000, 0x00000000a6b00000, 0x00000000a6b00000|100%| E|CS|TAMS 0x00000000a6a00000| PB 0x00000000a6a00000| Complete 
|  95|0x00000000a6b00000, 0x00000000a6c00000, 0x00000000a6c00000|100%| E|CS|TAMS 0x00000000a6b00000| PB 0x00000000a6b00000| Complete 

Card table byte_map: [0x0000027f2c900000,0x0000027f2cc00000] _byte_map_base: 0x0000027f2c3fa000

Marking Bits: (CMBitMap*) 0x0000027f1525a1b0
 Bits: [0x0000027f2cf00000, 0x0000027f2e6d0000)

Polling page: 0x0000027f13190000

Metaspace:

Usage:
  Non-class:     13.54 MB used.
      Class:      1.70 MB used.
       Both:     15.23 MB used.

Virtual space:
  Non-class space:       64.00 MB reserved,      13.69 MB ( 21%) committed,  1 nodes.
      Class space:        1.00 GB reserved,       1.88 MB ( <1%) committed,  1 nodes.
             Both:        1.06 GB reserved,      15.56 MB (  1%) committed. 

Chunk freelists:
   Non-Class:  1.52 MB
       Class:  2.05 MB
        Both:  3.56 MB

MaxMetaspaceSize: unlimited
CompressedClassSpaceSize: 1.00 GB
Initial GC threshold: 21.00 MB
Current GC threshold: 21.00 MB
CDS: on
MetaspaceReclaimPolicy: balanced
 - commit_granule_bytes: 65536.
 - commit_granule_words: 8192.
 - virtual_space_node_default_size: 8388608.
 - enlarge_chunks_in_place: 1.
 - new_chunks_are_fully_committed: 0.
 - uncommit_free_chunks: 1.
 - use_allocation_guard: 0.


Internal statistics:

num_allocs_failed_limit: 0.
num_arena_births: 256.
num_arena_deaths: 0.
num_vsnodes_births: 2.
num_vsnodes_deaths: 0.
num_space_committed: 249.
num_space_uncommitted: 0.
num_chunks_returned_to_freelist: 0.
num_chunks_taken_from_freelist: 628.
num_chunk_merges: 0.
num_chunk_splits: 448.
num_chunks_enlarged: 342.
num_inconsistent_stats: 0.

CodeHeap 'non-profiled nmethods': size=120000Kb used=721Kb max_used=721Kb free=119278Kb
 bounds [0x0000027f24da0000, 0x0000027f25010000, 0x0000027f2c2d0000]
CodeHeap 'profiled nmethods': size=120000Kb used=3490Kb max_used=3490Kb free=116509Kb
 bounds [0x0000027f1d2d0000, 0x0000027f1d640000, 0x0000027f24800000]
CodeHeap 'non-nmethods': size=5760Kb used=1567Kb max_used=1587Kb free=4192Kb
 bounds [0x0000027f24800000, 0x0000027f24a70000, 0x0000027f24da0000]
 total_blobs=2371 nmethods=1845 adapters=436
 compilation: enabled
              stopped_count=0, restarted_count=0
 full_count=0

Compilation events (20 events):
Event: 4.142 Thread 0x0000027f311112c0 nmethod 1834 0x0000027f1d627110 code [0x0000027f1d627340, 0x0000027f1d6279f0]
Event: 4.148 Thread 0x0000027f311112c0 1837       3       jdk.internal.org.objectweb.asm.ClassWriter::visit (160 bytes)
Event: 4.150 Thread 0x0000027f311112c0 nmethod 1837 0x0000027f1d627d10 code [0x0000027f1d627f20, 0x0000027f1d628768]
Event: 4.150 Thread 0x0000027f311112c0 1839       3       jdk.internal.org.objectweb.asm.ClassWriter::toByteArray (1517 bytes)
Event: 4.159 Thread 0x0000027f311112c0 nmethod 1839 0x0000027f1d628c10 code [0x0000027f1d6294c0, 0x0000027f1d62d110]
Event: 4.159 Thread 0x0000027f311112c0 1842       3       java.lang.invoke.MethodHandleImpl::computeValueConversions (121 bytes)
Event: 4.161 Thread 0x0000027f311112c0 nmethod 1842 0x0000027f1d62f410 code [0x0000027f1d62f620, 0x0000027f1d62fe68]
Event: 4.161 Thread 0x0000027f311112c0 1841       3       java.lang.invoke.MethodHandleImpl::makePairwiseConvertByEditor (617 bytes)
Event: 4.171 Thread 0x0000027f311112c0 nmethod 1841 0x0000027f1d630210 code [0x0000027f1d6309c0, 0x0000027f1d635b60]
Event: 4.171 Thread 0x0000027f311112c0 1840       3       java.lang.invoke.MethodHandleImpl::makePairwiseConvert (22 bytes)
Event: 4.172 Thread 0x0000027f311112c0 nmethod 1840 0x0000027f1d637f10 code [0x0000027f1d6380a0, 0x0000027f1d6382e0]
Event: 4.172 Thread 0x0000027f311112c0 1843       1       java.lang.reflect.Constructor::getRoot (5 bytes)
Event: 4.172 Thread 0x0000027f311112c0 nmethod 1843 0x0000027f24e4ea10 code [0x0000027f24e4eb80, 0x0000027f24e4ec48]
Event: 4.172 Thread 0x0000027f311112c0 1838       3       jdk.internal.org.objectweb.asm.SymbolTable::setMajorVersionAndClassName (19 bytes)
Event: 4.172 Thread 0x0000027f311112c0 nmethod 1838 0x0000027f1d638410 code [0x0000027f1d6385a0, 0x0000027f1d6387c0]
Event: 4.172 Thread 0x0000027f311112c0 1845       1       jdk.internal.org.objectweb.asm.ClassReader::getMaxStringLength (5 bytes)
Event: 4.172 Thread 0x0000027f311112c0 nmethod 1845 0x0000027f24e4ed10 code [0x0000027f24e4ee80, 0x0000027f24e4ef48]
Event: 4.188 Thread 0x0000027f311107c0 nmethod 1822 0x0000027f24e4f010 code [0x0000027f24e4fc40, 0x0000027f24e523c8]
Event: 4.189 Thread 0x0000027f311107c0 1825       4       java.util.HashMap::hash (20 bytes)
Event: 4.190 Thread 0x0000027f311107c0 nmethod 1825 0x0000027f24e54190 code [0x0000027f24e54300, 0x0000027f24e543f8]

GC Heap History (2 events):
Event: 2.811 GC heap before
{Heap before GC invocations=0 (full 0):
 garbage-first heap   total 98304K, used 25600K [0x00000000a0c00000, 0x0000000100000000)
  region size 1024K, 23 young (23552K), 0 survivors (0K)
 Metaspace       used 8205K, committed 8512K, reserved 1114112K
  class space    used 944K, committed 1088K, reserved 1048576K
}
Event: 2.821 GC heap after
{Heap after GC invocations=1 (full 0):
 garbage-first heap   total 98304K, used 7440K [0x00000000a0c00000, 0x0000000100000000)
  region size 1024K, 3 young (3072K), 3 survivors (3072K)
 Metaspace       used 8205K, committed 8512K, reserved 1114112K
  class space    used 944K, committed 1088K, reserved 1048576K
}

Dll operation events (10 events):
Event: 0.039 Loaded shared library C:\Program Files\Java\jdk-20\bin\java.dll
Event: 0.082 Loaded shared library C:\Program Files\Java\jdk-20\bin\jsvml.dll
Event: 0.646 Loaded shared library C:\Program Files\Java\jdk-20\bin\net.dll
Event: 0.649 Loaded shared library C:\Program Files\Java\jdk-20\bin\nio.dll
Event: 0.661 Loaded shared library C:\Program Files\Java\jdk-20\bin\zip.dll
Event: 1.102 Loaded shared library C:\Program Files\Java\jdk-20\bin\jimage.dll
Event: 1.387 Loaded shared library C:\Program Files\Java\jdk-20\bin\extnet.dll
Event: 2.112 Loaded shared library C:\Program Files\Java\jdk-20\bin\verify.dll
Event: 2.702 Loaded shared library C:\Program Files\Java\jdk-20\bin\management.dll
Event: 2.713 Loaded shared library C:\Program Files\Java\jdk-20\bin\management_ext.dll

Deoptimization events (20 events):
Event: 3.634 Thread 0x0000027f15207040 DEOPT PACKING pc=0x0000027f24daaec0 sp=0x00000084529fd770
Event: 3.634 Thread 0x0000027f15207040 DEOPT UNPACKING pc=0x0000027f24869d22 sp=0x00000084529fd6a8 mode 2
Event: 3.635 Thread 0x0000027f15207040 Uncommon trap: trap_request=0xffffff45 fr.pc=0x0000027f24dc48d8 relative=0x0000000000000338
Event: 3.635 Thread 0x0000027f15207040 Uncommon trap: reason=unstable_if action=reinterpret pc=0x0000027f24dc48d8 method=java.lang.AbstractStringBuilder.isLatin1()Z @ 10 c2
Event: 3.635 Thread 0x0000027f15207040 DEOPT PACKING pc=0x0000027f24dc48d8 sp=0x00000084529fd780
Event: 3.635 Thread 0x0000027f15207040 DEOPT UNPACKING pc=0x0000027f24869d22 sp=0x00000084529fd710 mode 2
Event: 3.635 Thread 0x0000027f15207040 Uncommon trap: trap_request=0xffffff45 fr.pc=0x0000027f24dbabf0 relative=0x0000000000000070
Event: 3.635 Thread 0x0000027f15207040 Uncommon trap: reason=unstable_if action=reinterpret pc=0x0000027f24dbabf0 method=java.lang.AbstractStringBuilder.isLatin1()Z @ 10 c2
Event: 3.635 Thread 0x0000027f15207040 DEOPT PACKING pc=0x0000027f24dbabf0 sp=0x00000084529fd770
Event: 3.635 Thread 0x0000027f15207040 DEOPT UNPACKING pc=0x0000027f24869d22 sp=0x00000084529fd710 mode 2
Event: 3.641 Thread 0x0000027f15207040 Uncommon trap: trap_request=0xffffff45 fr.pc=0x0000027f24e056d4 relative=0x0000000000000054
Event: 3.641 Thread 0x0000027f15207040 Uncommon trap: reason=unstable_if action=reinterpret pc=0x0000027f24e056d4 method=java.lang.CharacterData.of(I)Ljava/lang/CharacterData; @ 4 c2
Event: 3.641 Thread 0x0000027f15207040 DEOPT PACKING pc=0x0000027f24e056d4 sp=0x00000084529fcf30
Event: 3.641 Thread 0x0000027f15207040 DEOPT UNPACKING pc=0x0000027f24869d22 sp=0x00000084529fced0 mode 2
Event: 3.953 Thread 0x0000027f15207040 Uncommon trap: trap_request=0xffffff45 fr.pc=0x0000027f24e185f0 relative=0x00000000000003b0
Event: 3.953 Thread 0x0000027f15207040 Uncommon trap: reason=unstable_if action=reinterpret pc=0x0000027f24e185f0 method=java.util.regex.Pattern$BmpCharPropertyGreedy.match(Ljava/util/regex/Matcher;ILjava/lang/CharSequence;)Z @ 73 c2
Event: 3.953 Thread 0x0000027f15207040 DEOPT PACKING pc=0x0000027f24e185f0 sp=0x00000084529fe870
Event: 3.953 Thread 0x0000027f15207040 DEOPT UNPACKING pc=0x0000027f24869d22 sp=0x00000084529fe820 mode 2
Event: 19.479 Thread 0x0000027f15207040 DEOPT PACKING pc=0x0000027f1d59bad4 sp=0x00000084529fe360
Event: 19.479 Thread 0x0000027f15207040 DEOPT UNPACKING pc=0x0000027f2486a4c2 sp=0x00000084529fd818 mode 0

Classes loaded (20 events):
Event: 4.049 Loading class jdk/internal/reflect/MethodHandleIntegerFieldAccessorImpl
Event: 4.050 Loading class jdk/internal/reflect/MethodHandleIntegerFieldAccessorImpl done
Event: 4.103 Loading class java/util/regex/Pattern$SliceS
Event: 4.103 Loading class java/util/regex/Pattern$SliceS done
Event: 4.106 Loading class java/lang/Class$2
Event: 4.107 Loading class java/lang/Class$2 done
Event: 4.116 Loading class java/lang/TypeNotPresentException
Event: 4.117 Loading class java/lang/TypeNotPresentException done
Event: 4.129 Loading class jdk/internal/vm/annotation/IntrinsicCandidate
Event: 4.129 Loading class jdk/internal/vm/annotation/IntrinsicCandidate done
Event: 4.134 Loading class java/util/LinkedList
Event: 4.135 Loading class java/util/AbstractSequentialList
Event: 4.135 Loading class java/util/AbstractSequentialList done
Event: 4.135 Loading class java/util/LinkedList done
Event: 4.136 Loading class java/util/LinkedList$Node
Event: 4.136 Loading class java/util/LinkedList$Node done
Event: 4.150 Loading class java/lang/Package$1PackageInfoProxy
Event: 4.150 Loading class java/lang/Package$1PackageInfoProxy done
Event: 4.188 Loading class java/lang/invoke/WrongMethodTypeException
Event: 4.188 Loading class java/lang/invoke/WrongMethodTypeException done

Classes unloaded (0 events):
No events

Classes redefined (1 events):
Event: 19.621 Thread 0x0000027f310db0a0 redefined class name=session6.day_3, count=1

Internal exceptions (20 events):
Event: 2.196 Thread 0x0000027f15207040 Exception <a 'java/lang/NoSuchMethodError'{0x00000000a5e086f0}: 'void java.lang.invoke.DirectMethodHandle$Holder.invokeStatic(java.lang.Object, java.lang.Object, java.lang.Object)'> (0x00000000a5e086f0) 
thrown [s\open\src\hotspot\share\interpreter\linkResolver.cpp, line 773]
Event: 2.208 Thread 0x0000027f15207040 Exception <a 'java/lang/NoSuchMethodError'{0x00000000a5e25310}: 'java.lang.Object java.lang.invoke.DirectMethodHandle$Holder.invokeStatic(java.lang.Object, java.lang.Object, int)'> (0x00000000a5e25310) 
thrown [s\open\src\hotspot\share\interpreter\linkResolver.cpp, line 773]
Event: 2.209 Thread 0x0000027f15207040 Exception <a 'java/lang/NoSuchMethodError'{0x00000000a5e2fef8}: 'void java.lang.invoke.DelegatingMethodHandle$Holder.delegate(java.lang.Object, java.lang.Object, int, java.lang.Object)'> (0x00000000a5e2fef8) 
thrown [s\open\src\hotspot\share\interpreter\linkResolver.cpp, line 773]
Event: 2.231 Thread 0x0000027f15207040 Exception <a 'java/lang/NoSuchMethodError'{0x00000000a5e747e8}: 'java.lang.Object java.lang.invoke.DirectMethodHandle$Holder.invokeInterface(java.lang.Object, java.lang.Object)'> (0x00000000a5e747e8) 
thrown [s\open\src\hotspot\share\interpreter\linkResolver.cpp, line 773]
Event: 2.231 Thread 0x0000027f15207040 Exception <a 'java/lang/IncompatibleClassChangeError'{0x00000000a5e77f58}: Found class java.lang.Object, but interface was expected> (0x00000000a5e77f58) 
thrown [s\open\src\hotspot\share\interpreter\linkResolver.cpp, line 840]
Event: 2.238 Thread 0x0000027f15207040 Exception <a 'java/lang/NoSuchMethodError'{0x00000000a5e86d00}: 'void java.lang.invoke.DirectMethodHandle$Holder.invokeSpecial(java.lang.Object, java.lang.Object, java.lang.Object)'> (0x00000000a5e86d00) 
thrown [s\open\src\hotspot\share\interpreter\linkResolver.cpp, line 773]
Event: 2.244 Thread 0x0000027f15207040 Exception <a 'java/lang/NoSuchMethodError'{0x00000000a5e9b2e0}: 'java.lang.Object java.lang.invoke.DirectMethodHandle$Holder.newInvokeSpecial(java.lang.Object, java.lang.Object, java.lang.Object, int, java.lang.Object)'> (0x00000000a5e9b2e0) 
thrown [s\open\src\hotspot\share\interpreter\linkResolver.cpp, line 773]
Event: 2.245 Thread 0x0000027f15207040 Exception <a 'java/lang/NoSuchMethodError'{0x00000000a5ea2c38}: 'java.lang.Object java.lang.invoke.Invokers$Holder.linkToTargetMethod(java.lang.Object, java.lang.Object, int, java.lang.Object, java.lang.Object)'> (0x00000000a5ea2c38) 
thrown [s\open\src\hotspot\share\interpreter\linkResolver.cpp, line 773]
Event: 2.640 Thread 0x0000027f15207040 Exception <a 'java/lang/NoSuchMethodError'{0x00000000a57d5318}: 'java.lang.Object java.lang.invoke.DirectMethodHandle$Holder.newInvokeSpecial(java.lang.Object, long, int, java.lang.Object)'> (0x00000000a57d5318) 
thrown [s\open\src\hotspot\share\interpreter\linkResolver.cpp, line 773]
Event: 2.665 Thread 0x0000027f15207040 Exception <a 'java/lang/NoSuchMethodError'{0x00000000a5635028}: 'void java.lang.invoke.DirectMethodHandle$Holder.invokeStatic(java.lang.Object, java.lang.Object, java.lang.Object, java.lang.Object)'> (0x00000000a5635028) 
thrown [s\open\src\hotspot\share\interpreter\linkResolver.cpp, line 773]
Event: 2.666 Thread 0x0000027f15207040 Exception <a 'java/lang/NoSuchMethodError'{0x00000000a5638b00}: 'void java.lang.invoke.DirectMethodHandle$Holder.invokeStaticInit(java.lang.Object, java.lang.Object, java.lang.Object, java.lang.Object)'> (0x00000000a5638b00) 
thrown [s\open\src\hotspot\share\interpreter\linkResolver.cpp, line 773]
Event: 2.922 Thread 0x0000027f15207040 Exception <a 'java/lang/NoSuchMethodError'{0x00000000a6ad5ad0}: 'java.lang.Object java.lang.invoke.Invokers$Holder.invokeExact_MT(java.lang.Object, java.lang.Object, java.lang.Object, java.lang.Object, java.lang.Object)'> (0x00000000a6ad5ad0) 
thrown [s\open\src\hotspot\share\interpreter\linkResolver.cpp, line 773]
Event: 3.075 Thread 0x0000027f15207040 Exception <a 'java/lang/NoSuchMethodError'{0x00000000a6853b10}: 'int java.lang.invoke.DirectMethodHandle$Holder.invokeInterface(java.lang.Object, java.lang.Object)'> (0x00000000a6853b10) 
thrown [s\open\src\hotspot\share\interpreter\linkResolver.cpp, line 773]
Event: 3.075 Thread 0x0000027f15207040 Exception <a 'java/lang/IncompatibleClassChangeError'{0x00000000a6856dc0}: Found class java.lang.Object, but interface was expected> (0x00000000a6856dc0) 
thrown [s\open\src\hotspot\share\interpreter\linkResolver.cpp, line 840]
Event: 3.188 Thread 0x0000027f15207040 Exception <a 'java/lang/NoSuchMethodError'{0x00000000a6759228}: 'java.lang.Object java.lang.invoke.DirectMethodHandle$Holder.invokeStaticInit(java.lang.Object, java.lang.Object, java.lang.Object)'> (0x00000000a6759228) 
thrown [s\open\src\hotspot\share\interpreter\linkResolver.cpp, line 773]
Event: 4.071 Thread 0x0000027f15207040 Exception <a 'java/lang/NoSuchMethodError'{0x00000000a51c2380}: 'int java.lang.invoke.DirectMethodHandle$Holder.invokeVirtual(java.lang.Object, java.lang.Object)'> (0x00000000a51c2380) 
thrown [s\open\src\hotspot\share\interpreter\linkResolver.cpp, line 773]
Event: 4.072 Thread 0x0000027f15207040 Exception <a 'java/lang/NoSuchMethodError'{0x00000000a51c8560}: 'java.lang.Object java.lang.invoke.Invokers$Holder.invokeExact_MT(java.lang.Object, java.lang.Object, java.lang.Object, java.lang.Object, java.lang.Object, java.lang.Object)'> (0x00000000a51c8560) 
thrown [s\open\src\hotspot\share\interpreter\linkResolver.cpp, line 773]
Event: 4.087 Thread 0x0000027f15207040 Exception <a 'java/lang/NoSuchMethodError'{0x00000000a51fecc8}: 'int java.lang.invoke.DirectMethodHandle$Holder.invokeStaticInit(java.lang.Object, java.lang.Object, java.lang.Object)'> (0x00000000a51fecc8) 
thrown [s\open\src\hotspot\share\interpreter\linkResolver.cpp, line 773]
Event: 4.141 Thread 0x0000027f15207040 Exception <a 'java/lang/NoSuchMethodError'{0x00000000a4f15598}: 'java.lang.Object java.lang.invoke.DirectMethodHandle$Holder.newInvokeSpecial(java.lang.Object, java.lang.Object, java.lang.Object, java.lang.Object, java.lang.Object, java.lang.Object, java.lang.Object, java.lang.Object, java.lang.Object)'> (0x00000000a4f15598) 
thrown [s\open\src\hotspot\share\interpreter\linkResolver.cpp, line 773]
Event: 4.154 Thread 0x0000027f15207040 Exception <a 'java/lang/NoSuchMethodError'{0x00000000a4f3e828}: 'java.lang.Object java.lang.invoke.DirectMethodHandle$Holder.newInvokeSpecial(java.lang.Object, java.lang.Object, java.lang.Object, java.lang.Object, java.lang.Object, java.lang.Object, java.lang.Object)'> (0x00000000a4f3e828) 
thrown [s\open\src\hotspot\share\interpreter\linkResolver.cpp, line 773]

VM Operations (20 events):
Event: 10.243 Executing VM operation: get/set locals
Event: 10.245 Executing VM operation: get/set locals done
Event: 10.248 Executing VM operation: get/set locals
Event: 10.248 Executing VM operation: get/set locals done
Event: 10.251 Executing VM operation: get/set locals
Event: 10.251 Executing VM operation: get/set locals done
Event: 10.253 Executing VM operation: get/set locals
Event: 10.253 Executing VM operation: get/set locals done
Event: 10.257 Executing VM operation: get/set locals
Event: 10.257 Executing VM operation: get/set locals done
Event: 10.262 Executing VM operation: get/set locals
Event: 10.262 Executing VM operation: get/set locals done
Event: 19.476 Executing VM operation: ChangeSingleStep
Event: 19.477 Executing VM operation: ChangeSingleStep done
Event: 19.479 Executing VM operation: ChangeSingleStep
Event: 19.479 Executing VM operation: ChangeSingleStep done
Event: 19.612 Executing VM operation: RedefineClasses
Event: 19.640 Executing VM operation: RedefineClasses done
Event: 19.649 Executing VM operation: ChangeSingleStep
Event: 19.649 Executing VM operation: ChangeSingleStep done

Events (20 events):
Event: 0.082 Thread 0x0000027f15207040 Thread added: 0x0000027f15207040
Event: 0.109 Thread 0x0000027f310f7370 Thread added: 0x0000027f310f7370
Event: 0.109 Thread 0x0000027f310f8210 Thread added: 0x0000027f310f8210
Event: 0.110 Thread 0x0000027f310fd2c0 Thread added: 0x0000027f310fd2c0
Event: 0.110 Thread 0x0000027f310fee10 Thread added: 0x0000027f310fee10
Event: 0.110 Thread 0x0000027f310ff950 Thread added: 0x0000027f310ff950
Event: 0.110 Thread 0x0000027f31104510 Thread added: 0x0000027f31104510
Event: 0.110 Thread 0x0000027f311107c0 Thread added: 0x0000027f311107c0
Event: 0.110 Thread 0x0000027f311112c0 Thread added: 0x0000027f311112c0
Event: 0.301 Thread 0x0000027f765345d0 Thread added: 0x0000027f765345d0
Event: 0.302 Thread 0x0000027f76536d50 Thread added: 0x0000027f76536d50
Event: 0.302 Thread 0x0000027f765372b0 Thread added: 0x0000027f765372b0
Event: 0.630 Thread 0x0000027f7653b5d0 Thread added: 0x0000027f7653b5d0
Event: 0.638 Thread 0x0000027f76545220 Thread added: 0x0000027f76545220
Event: 1.345 Thread 0x0000027f31112370 Thread added: 0x0000027f31112370
Event: 1.408 Thread 0x0000027f76e04ae0 Thread added: 0x0000027f76e04ae0
Event: 1.753 Thread 0x0000027f31112370 Thread exited: 0x0000027f31112370
Event: 2.834 Thread 0x0000027f311144d0 Thread added: 0x0000027f311144d0
Event: 3.905 Thread 0x0000027f311144d0 Thread exited: 0x0000027f311144d0
Event: 4.283 Thread 0x0000027f76e04ae0 Thread exited: 0x0000027f76e04ae0


Dynamic libraries:
0x00007ff751ec0000 - 0x00007ff751ed0000 	C:\Program Files\Java\jdk-20\bin\javaw.exe
0x00007ffc3f750000 - 0x00007ffc3f967000 	C:\WINDOWS\SYSTEM32\ntdll.dll
0x00007ffc3dda0000 - 0x00007ffc3de64000 	C:\WINDOWS\System32\KERNEL32.DLL
0x00007ffc3d0f0000 - 0x00007ffc3d496000 	C:\WINDOWS\System32\KERNELBASE.dll
0x00007ffc3cc30000 - 0x00007ffc3cd41000 	C:\WINDOWS\System32\ucrtbase.dll
0x00007ffc35050000 - 0x00007ffc35069000 	C:\Program Files\Java\jdk-20\bin\jli.dll
0x00007ffc30b80000 - 0x00007ffc30b9b000 	C:\Program Files\Java\jdk-20\bin\VCRUNTIME140.dll
0x00007ffc3e220000 - 0x00007ffc3e2d3000 	C:\WINDOWS\System32\ADVAPI32.dll
0x00007ffc3df60000 - 0x00007ffc3e007000 	C:\WINDOWS\System32\msvcrt.dll
0x00007ffc3da10000 - 0x00007ffc3dab8000 	C:\WINDOWS\System32\sechost.dll
0x00007ffc3cb40000 - 0x00007ffc3cb68000 	C:\WINDOWS\System32\bcrypt.dll
0x00007ffc3dc80000 - 0x00007ffc3dd97000 	C:\WINDOWS\System32\RPCRT4.dll
0x00007ffc3d860000 - 0x00007ffc3da0e000 	C:\WINDOWS\System32\USER32.dll
0x00007ffc3cb10000 - 0x00007ffc3cb36000 	C:\WINDOWS\System32\win32u.dll
0x00007ffc2baf0000 - 0x00007ffc2bd83000 	C:\WINDOWS\WinSxS\amd64_microsoft.windows.common-controls_6595b64144ccf1df_6.0.22621.2506_none_270c5ae97388e100\COMCTL32.dll
0x00007ffc3e2e0000 - 0x00007ffc3e309000 	C:\WINDOWS\System32\GDI32.dll
0x00007ffc3cdf0000 - 0x00007ffc3cf08000 	C:\WINDOWS\System32\gdi32full.dll
0x00007ffc3cd50000 - 0x00007ffc3cdea000 	C:\WINDOWS\System32\msvcp_win.dll
0x00007ffc32170000 - 0x00007ffc3217a000 	C:\WINDOWS\SYSTEM32\VERSION.dll
0x00007ffc3f590000 - 0x00007ffc3f5c1000 	C:\WINDOWS\System32\IMM32.DLL
0x00007ffc37d10000 - 0x00007ffc37d1c000 	C:\Program Files\Java\jdk-20\bin\vcruntime140_1.dll
0x00007ffc22f20000 - 0x00007ffc22fae000 	C:\Program Files\Java\jdk-20\bin\msvcp140.dll
0x00007ffbfe430000 - 0x00007ffbff0c8000 	C:\Program Files\Java\jdk-20\bin\server\jvm.dll
0x00007ffc34ca0000 - 0x00007ffc34cd4000 	C:\WINDOWS\SYSTEM32\WINMM.dll
0x00007ffc36ad0000 - 0x00007ffc36ad9000 	C:\WINDOWS\SYSTEM32\WSOCK32.dll
0x00007ffc3ded0000 - 0x00007ffc3df41000 	C:\WINDOWS\System32\WS2_32.dll
0x00007ffc3ba70000 - 0x00007ffc3ba88000 	C:\WINDOWS\SYSTEM32\kernel.appcore.dll
0x00007ffc366f0000 - 0x00007ffc366fa000 	C:\Program Files\Java\jdk-20\bin\jimage.dll
0x00007ffc3a2e0000 - 0x00007ffc3a513000 	C:\WINDOWS\SYSTEM32\DBGHELP.DLL
0x00007ffc3e830000 - 0x00007ffc3ebb9000 	C:\WINDOWS\System32\combase.dll
0x00007ffc3ebc0000 - 0x00007ffc3ec97000 	C:\WINDOWS\System32\OLEAUT32.dll
0x00007ffc24df0000 - 0x00007ffc24e22000 	C:\WINDOWS\SYSTEM32\dbgcore.DLL
0x00007ffc3ca90000 - 0x00007ffc3cb0a000 	C:\WINDOWS\System32\bcryptPrimitives.dll
0x00007ffc20780000 - 0x00007ffc207bc000 	C:\Program Files\Java\jdk-20\bin\jdwp.dll
0x00007ffc2fa40000 - 0x00007ffc2fa66000 	C:\Program Files\Java\jdk-20\bin\java.dll
0x00007ffc181e0000 - 0x00007ffc182b7000 	C:\Program Files\Java\jdk-20\bin\jsvml.dll
0x00007ffc3ed30000 - 0x00007ffc3f58b000 	C:\WINDOWS\System32\SHELL32.dll
0x00007ffc3a9f0000 - 0x00007ffc3b2e6000 	C:\WINDOWS\SYSTEM32\windows.storage.dll
0x00007ffc3a8b0000 - 0x00007ffc3a9ee000 	C:\WINDOWS\SYSTEM32\wintypes.dll
0x00007ffc3d650000 - 0x00007ffc3d743000 	C:\WINDOWS\System32\SHCORE.dll
0x00007ffc3de70000 - 0x00007ffc3dece000 	C:\WINDOWS\System32\shlwapi.dll
0x00007ffc3c9c0000 - 0x00007ffc3c9e6000 	C:\WINDOWS\SYSTEM32\profapi.dll
0x00007ffc30cf0000 - 0x00007ffc30cfc000 	C:\Program Files\Java\jdk-20\bin\dt_socket.dll
0x00007ffc3b550000 - 0x00007ffc3b57d000 	C:\WINDOWS\SYSTEM32\IPHLPAPI.DLL
0x00007ffc3bf50000 - 0x00007ffc3bfb9000 	C:\WINDOWS\system32\mswsock.dll
0x00007ffc3b5c0000 - 0x00007ffc3b6b9000 	C:\WINDOWS\SYSTEM32\DNSAPI.dll
0x00007ffc3df50000 - 0x00007ffc3df59000 	C:\WINDOWS\System32\NSI.dll
0x00007ffc31290000 - 0x00007ffc3129a000 	C:\Windows\System32\rasadhlp.dll
0x00007ffc33330000 - 0x00007ffc333b3000 	C:\WINDOWS\System32\fwpuclnt.dll
0x00007ffc2f120000 - 0x00007ffc2f133000 	C:\Program Files\Java\jdk-20\bin\net.dll
0x00007ffc35a60000 - 0x00007ffc35b97000 	C:\WINDOWS\SYSTEM32\WINHTTP.dll
0x00007ffc2ed00000 - 0x00007ffc2ed16000 	C:\Program Files\Java\jdk-20\bin\nio.dll
0x00007ffc2ece0000 - 0x00007ffc2ecf8000 	C:\Program Files\Java\jdk-20\bin\zip.dll
0x00007ffc2fc00000 - 0x00007ffc2fc07000 	C:\Program Files\Java\jdk-20\bin\extnet.dll
0x00007ffc3c1b0000 - 0x00007ffc3c1cb000 	C:\WINDOWS\SYSTEM32\CRYPTSP.dll
0x00007ffc3ba30000 - 0x00007ffc3ba65000 	C:\WINDOWS\system32\rsaenh.dll
0x00007ffc3c040000 - 0x00007ffc3c06c000 	C:\WINDOWS\SYSTEM32\USERENV.dll
0x00007ffc3c1a0000 - 0x00007ffc3c1ac000 	C:\WINDOWS\SYSTEM32\CRYPTBASE.dll
0x00007ffc35930000 - 0x00007ffc35949000 	C:\WINDOWS\SYSTEM32\dhcpcsvc6.DLL
0x00007ffc35740000 - 0x00007ffc3575f000 	C:\WINDOWS\SYSTEM32\dhcpcsvc.DLL
0x00007ffc30cb0000 - 0x00007ffc30cc0000 	C:\Program Files\Java\jdk-20\bin\verify.dll
0x00007ffc2ef80000 - 0x00007ffc2ef8a000 	C:\Program Files\Java\jdk-20\bin\management.dll
0x00007ffc2ef70000 - 0x00007ffc2ef7b000 	C:\Program Files\Java\jdk-20\bin\management_ext.dll
0x00007ffc3d750000 - 0x00007ffc3d758000 	C:\WINDOWS\System32\PSAPI.DLL
0x00007ffbddbe0000 - 0x00007ffbddbf7000 	C:\WINDOWS\system32\napinsp.dll
0x00007ffbddb80000 - 0x00007ffbddb9b000 	C:\WINDOWS\system32\pnrpnsp.dll
0x00007ffbddb60000 - 0x00007ffbddb71000 	C:\WINDOWS\System32\winrnr.dll
0x00007ffc34b20000 - 0x00007ffc34b35000 	C:\WINDOWS\system32\wshbth.dll
0x00007ffc1a0f0000 - 0x00007ffc1a111000 	C:\WINDOWS\system32\nlansp_c.dll

dbghelp: loaded successfully - version: 4.0.5 - missing functions: none
symbol engine: initialized successfully - sym options: 0x614 - pdb path: .;C:\Program Files\Java\jdk-20\bin;C:\WINDOWS\SYSTEM32;C:\WINDOWS\WinSxS\amd64_microsoft.windows.common-controls_6595b64144ccf1df_6.0.22621.2506_none_270c5ae97388e100;C:\Program Files\Java\jdk-20\bin\server

VM Arguments:
jvm_args: -XX:+ShowCodeDetailsInExceptionMessages -agentlib:jdwp=transport=dt_socket,suspend=y,address=localhost:11831 -ea -Dfile.encoding=UTF-8 
java_command: org.testng.remote.RemoteTestNG -serport 11830 -protocol json -d C:\Users\Ankita\eclipse-workspace\Restassured_Study\test-output C:\Users\Ankita\AppData\Local\Temp\testng-eclipse--798824169\testng-customsuite.xml
java_class_path (initial): C:\Users\Ankita\eclipse\java-2023-07\eclipse\configuration\org.eclipse.osgi\512\0\.cp\lib\testng-remote.jar;C:\Users\Ankita\eclipse-workspace\Restassured_Study\target\test-classes;C:\Users\Ankita\eclipse-workspace\Restassured_Study\target\classes;C:\Users\Ankita\.m2\repository\io\rest-assured\rest-assured\5.3.0\rest-assured-5.3.0.jar;C:\Users\Ankita\.m2\repository\org\apache\groovy\groovy\4.0.6\groovy-4.0.6.jar;C:\Users\Ankita\.m2\repository\org\apache\groovy\groovy-xml\4.0.6\groovy-xml-4.0.6.jar;C:\Users\Ankita\.m2\repository\org\apache\httpcomponents\httpclient\4.5.13\httpclient-4.5.13.jar;C:\Users\Ankita\.m2\repository\org\apache\httpcomponents\httpcore\4.4.13\httpcore-4.4.13.jar;C:\Users\Ankita\.m2\repository\commons-logging\commons-logging\1.2\commons-logging-1.2.jar;C:\Users\Ankita\.m2\repository\commons-codec\commons-codec\1.11\commons-codec-1.11.jar;C:\Users\Ankita\.m2\repository\org\apache\httpcomponents\httpmime\4.5.13\httpmime-4.5.13.jar;C:\Users\Ankita\.m2\repository\org\hamcrest\hamcrest\2.1\hamcrest-2.1.jar;C:\Users\Ankita\.m2\repository\org\ccil\cowan\tagsoup\tagsoup\1.2.1\tagsoup-1.2.1.jar;C:\Users\Ankita\.m2\repository\io\rest-assured\json-path\5.3.0\json-path-5.3.0.jar;C:\Users\Ankita\.m2\repository\org\apache\groovy\groovy-json\4.0.6\groovy-json-4.0.6.jar;C:\Users\Ankita\.m2\repository\io\rest-assured\rest-assured-common\5.3.0\rest-assured-common-5.3.0.jar;C:\Users\Ankita\.m2\repository\io\rest-assured\xml-path\5.3.0\xml-path-5.3.0.jar;C:\Users\Ankita\.m2\repository\com\jayway\jsonpath\json-path\2.7.0\json-path-2.7.0.jar;C:\Users\Ankita\.m2\repository\net\minidev\json-smart\2.4.7\json-smart-2.4.7.jar;C:\Users\Ankita\.m2\repository\net\minidev\accessors-smart\2.4.7\accessors-smart-2.4.7.jar;C:\Users\Ankita\.m2\repository\org\ow2\asm\asm\9.1\asm-9.1.jar;C:\Users\Ankita\.m2\repository\org\slf4j\slf4j-api\1.7.33\slf4j-api-1.7.33.jar;C:\Users\Ankita\.m2\repository\commons-io\commons-io\2.6\commons-io-2.6.jar;C:\Users\Ankita\.m2\repository\com\fasterxml\jackson\core\jackson-databind\2.14.1\jackson-databind-2.14.1.jar;C:\Users\Ankita\.m2\repository\com\fasterxml\jackson\core\jackson-annotations\2.14.1\jackson-annotations-2.14.1.jar;C:\Users\Ankita\.m2\repository\com\fasterxml\jackson\core\jackson-core\2.14.1\jackson-core-2.14.1.jar;C:\Users\Ankita\.m2\repository\io\rest-assured\json-schema-validator\5.3.0\json-schema-validator-5.3.0.jar;C:\Users\Ankita\.m2\repository\com\github\java-json-tools\json-schema-validator\2.2.14\json-schema-validator-2.2.14.jar;C:\Users\Ankita\.m2\repository\com\google\guava\guava\28.2-android\guava-28.2-android.jar;C:\Users\Ankita\.m2\repository\com\google\guava\failureaccess\1.0.1\failureaccess-1.0.1.jar;C:\Users\Ankita\.m2\repository\com\google\guava\listenablefuture\9999.0-empty-to-avoid-conflict-with-guava\listenablefuture-9999.0-empty-to-avoid-conflict-with-guava.jar;C:\Users\Ankita\.m2\repository\org\checkerframework\checker-compat-qual\2.5.5\checker-compat-qual-2.5.5.jar;C:\Users\Ankita\.m2\repository\com\google\errorprone\error_prone_annotations\2.3.4\error_prone_annotations-2.3.4.jar;C:\Users\Ankita\.m2\repository\com\google\j2objc\j2objc-annotations\1.3\j2objc-annotations-1.3.jar;C:\Users\Ankita\.m2\repository\com\github\java-json-tools\jackson-coreutils-equivalence\1.0\jackson-coreutils-equivalence-1.0.jar;C:\Users\Ankita\.m2\repository\com\github\java-json-tools\jackson-coreutils\2.0\jackson-coreutils-2.0.jar;C:\Users\Ankita\.m2\repository\com\github\java-json-tools\msg-simple\1.2\msg-simple-1.2.jar;C:\Users\Ankita\.m2\repository\com\github\java-json-tools\btf\1.3\btf-1.3.jar;C:\Users\Ankita\.m2\repository\com\github\java-json-tools\json-schema-core\1.2.14\json-schema-core-1.2.14.jar;C:\Users\Ankita\.m2\repository\com\github\java-json-tools\uri-template\0.10\uri-template-0.10.jar;C:\Users\Ankita\.m2\repository\org\mozilla\rhino\1.7.7.2\rhino-1.7.7.2.jar;C:\Users\Ankita\.m2\repository\com\sun\mail\mailapi\1.6.2\mailapi-1.6.2.jar;C:\Users\Ankita\.m2\repository\joda-time\joda-time\2.10.5\joda-time-2.10.5.jar;C:\Users\Ankita\.m2\repository\com\googlecode\libphonenumber\libphonenumber\8.11.1\libphonenumber-8.11.1.jar;C:\Users\Ankita\.m2\repository\com\google\code\findbugs\jsr305\3.0.2\jsr305-3.0.2.jar;C:\Users\Ankita\.m2\repository\net\sf\jopt-simple\jopt-simple\5.0.4\jopt-simple-5.0.4.jar;C:\Users\Ankita\.m2\repository\org\testng\testng\7.4.0\testng-7.4.0.jar;C:\Users\Ankita\.m2\repository\com\beust\jcommander\1.78\jcommander-1.78.jar;C:\Users\Ankita\.m2\repository\org\webjars\jquery\3.5.1\jquery-3.5.1.jar;C:\Users\Ankita\.m2\repository\org\apache\logging\log4j\log4j-slf4j-impl\2.20.0\log4j-slf4j-impl-2.20.0.jar;C:\Users\Ankita\.m2\repository\org\apache\logging\log4j\log4j-api\2.20.0\log4j-api-2.20.0.jar;C:\Users\Ankita\.m2\repository\org\apache\logging\log4j\log4j-core\2.20.0\log4j-core-2.20.0.jar;C:\Users\Ankita\.m2\repository\io\qameta\allure\allure-testng\2.17.3\allure-testng-2.17.3.jar;C:\Users\Ankita\.m2\repository\io\qameta\allure\allure-java-commons\2.17.3\allure-java-commons-2.17.3.jar;C:\Users\Ankita\.m2\repository\io\qameta\allure\allure-model\2.17.3\allure-model-2.17.3.jar;C:\Users\Ankita\.m2\repository\io\qameta\allure\allure-test-filter\2.17.3\allure-test-filter-2.17.3.jar;C:\Users\Ankita\.m2\repository\io\qameta\allure\allure-rest-assured\2.17.3\allure-rest-assured-2.17.3.jar;C:\Users\Ankita\.m2\repository\io\qameta\allure\allure-attachments\2.17.3\allure-attachments-2.17.3.jar;C:\Users\Ankita\.m2\repository\org\freemarker\freemarker\2.3.31\freemarker-2.3.31.jar;C:\Users\Ankita\.m2\repository\com\opencsv\opencsv\5.7.1\opencsv-5.7.1.jar;C:\Users\Ankita\.m2\repository\org\apache\commons\commons-lang3\3.12.0\commons-lang3-3.12.0.jar;C:\Users\Ankita\.m2\repository\org\apache\commons\commons-text\1.10.0\commons-text-1.10.0.jar;C:\Users\Ankita\.m2\repository\commons-beanutils\commons-beanutils\1.9.4\commons-beanutils-1.9.4.jar;C:\Users\Ankita\.m2\repository\commons-collections\commons-collections\3.2.2\commons-collections-3.2.2.jar;C:\Users\Ankita\.m2\repository\org\apache\commons\commons-collections4\4.4\commons-collections4-4.4.jar;C:\Users\Ankita\.m2\repository\com\codoid\products\fillo\1.18\fillo-1.18.jar;C:\Users\Ankita\.m2\repository\dev\failsafe\failsafe\3.3.1\failsafe-3.3.1.jar
Launcher Type: SUN_STANDARD

[Global flags]
     intx CICompilerCount                          = 4                                         {product} {ergonomic}
     uint ConcGCThreads                            = 2                                         {product} {ergonomic}
     uint G1ConcRefinementThreads                  = 8                                         {product} {ergonomic}
   size_t G1HeapRegionSize                         = 1048576                                   {product} {ergonomic}
    uintx GCDrainStackTargetSize                   = 64                                        {product} {ergonomic}
   size_t InitialHeapSize                          = 100663296                                 {product} {ergonomic}
   size_t MarkStackSize                            = 4194304                                   {product} {ergonomic}
   size_t MaxHeapSize                              = 1598029824                                {product} {ergonomic}
   size_t MaxNewSize                               = 958398464                                 {product} {ergonomic}
   size_t MinHeapDeltaBytes                        = 1048576                                   {product} {ergonomic}
   size_t MinHeapSize                              = 8388608                                   {product} {ergonomic}
    uintx NonNMethodCodeHeapSize                   = 5839372                                {pd product} {ergonomic}
    uintx NonProfiledCodeHeapSize                  = 122909434                              {pd product} {ergonomic}
    uintx ProfiledCodeHeapSize                     = 122909434                              {pd product} {ergonomic}
    uintx ReservedCodeCacheSize                    = 251658240                              {pd product} {ergonomic}
     bool SegmentedCodeCache                       = true                                      {product} {ergonomic}
     bool ShowCodeDetailsInExceptionMessages       = true                                   {manageable} {command line}
   size_t SoftMaxHeapSize                          = 1598029824                             {manageable} {ergonomic}
     bool UseCompressedClassPointers               = true                           {product lp64_product} {ergonomic}
     bool UseCompressedOops                        = true                           {product lp64_product} {ergonomic}
     bool UseG1GC                                  = true                                      {product} {ergonomic}
     bool UseLargePagesIndividualAllocation        = false                                  {pd product} {ergonomic}

Logging:
Log output configuration:
 #0: stdout all=warning uptime,level,tags foldmultilines=false
 #1: stderr all=off uptime,level,tags foldmultilines=false

Environment Variables:
PATH=C:\Python312\Scripts\;C:\Python312\;C:\Program Files\Common Files\Oracle\Java\javapath;C:\Program Files\Java\jdk-11.0.16\bin;C:\Program Files\Python39\Scripts\;C:\Program Files\Python39\;C:\WINDOWS\system32;C:\WINDOWS;C:\WINDOWS\System32\Wbem;C:\WINDOWS\System32\WindowsPowerShell\v1.0\;C:\WINDOWS\System32\OpenSSH\;C:\Java\jre1.8.0_261\jre1.8.0_261\bin;C:\Program Files (x86)\Microsoft SQL Server\160\Tools\Binn\;C:\Program Files\Microsoft SQL Server\160\Tools\Binn\;C:\Program Files\Microsoft SQL Server\Client SDK\ODBC\170\Tools\Binn\;C:\Program Files\Microsoft SQL Server\160\DTS\Binn\;C:\Program Files\Azure Data Studio\bin;C:\Program Files (x86)\Microsoft SQL Server\160\DTS\Binn\;C:\Program Files\Git\cmd;C:\Program Files\apache-maven-3.9.6-bin\apache-maven-3.9.6\bin;C:\Program Files\nodejs\;C:\ProgramData\chocolatey\bin;C:\Users\Ankita\AppData\Local\Microsoft\WindowsApps;C:\Java\jdk1.8.0_261\jdk1.8.0_261\bin;C:\Users\Ankita\AppData\Local\Programs\Microsoft VS Code\bin;C:\Program Files\Azure Data Studio\bin;C:\Users\Ankita\AppData\Roaming\npm
USERNAME=Ankita
OS=Windows_NT
PROCESSOR_IDENTIFIER=AMD64 Family 23 Model 24 Stepping 1, AuthenticAMD
TMP=C:\Users\Ankita\AppData\Local\Temp
TEMP=C:\Users\Ankita\AppData\Local\Temp




---------------  S Y S T E M  ---------------

OS:
 Windows 11 , 64 bit Build 22621 (10.0.22621.3085)
OS uptime: 2 days 19:29 hours

CPU: total 8 (initial active 8) (8 cores per cpu, 2 threads per core) family 23 model 24 stepping 1 microcode 0x0, cx8, cmov, fxsr, ht, mmx, 3dnowpref, sse, sse2, sse3, ssse3, sse4a, sse4.1, sse4.2, popcnt, lzcnt, tsc, tscinvbit, avx, avx2, aes, clmul, bmi1, bmi2, adx, sha, fma, vzeroupper, clflush, clflushopt, rdtscp, f16c

Memory: 4k page, system-wide physical 6090M (270M free)
TotalPageFile size 15306M (AvailPageFile size 3481M)
current process WorkingSet (physical memory assigned to process): 99M, peak: 111M
current process commit charge ("private bytes"): 202M, peak: 216M

vm_info: Java HotSpot(TM) 64-Bit Server VM (20.0.2+9-78) for windows-amd64 JRE (20.0.2+9-78), built on 2023-06-14T10:08:48Z by "mach5one" with MS VC++ 17.1 (VS2022)

END.
